schem_review log — 2026-04-11T21:17:38
Source: /Users/borisshmul/Documents/xpedition_autos/schem_review/samples/sample_design.xml
Findings: 22
--------------------------------------------------------------------------------
[WARN] i2c_signals | I2C net 'I2C2_SDA' has no matching SCL net | affected: I2C2_SDA
[WARN] i2c_signals | I2C net 'I2C2_SDA' has no pull-up resistor to a power net | affected: I2C2_SDA
[WARN] uart_signals | UART net 'UART2_TX' has no matching RX net | affected: UART2_TX
[ERROR] power_pin_conflicts | Net 'VCC_3V3' has multiple PWR-type pins from: U1, U2, U3, U4, U5, U6 | affected: U1, U2, U3, U4, U5, U6
[ERROR] power_pin_conflicts | Net 'GND' has multiple PWR-type pins from: U1, U2, U3, U4, U5, U6 | affected: U1, U2, U3, U4, U5, U6
[ERROR] floating_inputs | Net 'UART1_RX' has input pin(s) but no driver (no OUT/PWR/BIDIR pin) | affected: U1 [sheet: MCU_Power]
[ERROR] floating_inputs | Net 'NRST' has input pin(s) but no driver (no OUT/PWR/BIDIR pin) | affected: U1 [sheet: MCU_Power]
[ERROR] floating_inputs | Net 'BOOT0_EN' has input pin(s) but no driver (no OUT/PWR/BIDIR pin) | affected: U1 [sheet: MCU_Power]
[ERROR] floating_inputs | Net 'MCLK_P' has input pin(s) but no driver (no OUT/PWR/BIDIR pin) | affected: U1, U4 [sheet: MCU_Power]
[ERROR] floating_inputs | Net 'REG_EN#' has input pin(s) but no driver (no OUT/PWR/BIDIR pin) | affected: U5 [sheet: MCU_Power]
[ERROR] floating_inputs | Net 'REG_FB' has input pin(s) but no driver (no OUT/PWR/BIDIR pin) | affected: U5 [sheet: MCU_Power]
[ERROR] floating_inputs | Net 'LED_BLANK' has input pin(s) but no driver (no OUT/PWR/BIDIR pin) | affected: U2 [sheet: Peripherals]
[ERROR] floating_inputs | Net 'LED_XLAT' has input pin(s) but no driver (no OUT/PWR/BIDIR pin) | affected: U2 [sheet: Peripherals]
[ERROR] floating_inputs | Net 'N_EN_LED' has input pin(s) but no driver (no OUT/PWR/BIDIR pin) | affected: U6 [sheet: Peripherals]
[WARN] missing_decoupling_caps | U5 (TPS62130) has no decoupling cap on power net 'VCC_5V' | affected: U5 [sheet: MCU_Power]
[WARN] missing_decoupling_caps | U6 (TPS22919) has no decoupling cap on power net 'VCC_LED' | affected: U6 [sheet: Peripherals]
[WARN] power_rail_naming | Mixed power rail style: design uses mostly 'VCC' convention but also has: VDD_3V3 | affected: VDD_3V3
[WARN] differential_pairs | Differential pair 'MCLK' has P side ('MCLK_P') but no N side | affected: MCLK_P
[WARN] spi_signals | SPI bus 'SPI1' is incomplete — missing: CS | affected: SPI1_MOSI, SPI1_MISO, SPI1_SCK
[WARN] clock_signals | Differential clock 'MCLK_P' has P side but no N side | affected: MCLK_P
[ERROR] unconnected_pins | U1 pin 25 (PC0) is unconnected | affected: U1 [sheet: MCU_Power]
[WARN] enable_signals | Inconsistent active-low enable naming: suffix style (REG_EN#) mixed with prefix style (N_EN_LED) | affected: N_EN_LED, REG_EN#
--------------------------------------------------------------------------------
End of report (22 findings)
